[Sun May 07 20:40:33.640870 2017] [ssl:warn] [pid 73586] AH01909: RSA certificate configured for hr.burkes.eu:443 does NOT include an ID which matches the server name
[Sun May 07 20:40:33.669535 2017] [ssl:warn] [pid 73586] AH01909: RSA certificate configured for hr.burkes.eu:443 does NOT include an ID which matches the server name
[Sun May 07 20:42:15.670004 2017] [ssl:warn] [pid 73654] AH01909: RSA certificate configured for hr.burkes.eu:443 does NOT include an ID which matches the server name
[Sun May 07 20:42:15.693028 2017] [ssl:warn] [pid 73654] AH01909: RSA certificate configured for hr.burkes.eu:443 does NOT include an ID which matches the server name
[Sun May 07 20:42:59.053876 2017] [ssl:warn] [pid 73654] AH01909: RSA certificate configured for hr.burkes.eu:443 does NOT include an ID which matches the server name
[Sun May 07 20:43:13.914629 2017] [ssl:warn] [pid 73654] AH01909: RSA certificate configured for hr.burkes.eu:443 does NOT include an ID which matches the server name
[Sun May 07 20:47:16.637852 2017] [ssl:warn] [pid 74012] AH01909: RSA certificate configured for hr.burkes.eu:443 does NOT include an ID which matches the server name
[Sun May 07 20:47:16.675366 2017] [ssl:warn] [pid 74012] AH01909: RSA certificate configured for hr.burkes.eu:443 does NOT include an ID which matches the server name
[Sun May 07 20:47:54.899537 2017] [ssl:error] [pid 74019] AH01936: stapling_check_response: response times invalid
[Sun May 07 20:47:54.899573 2017] [ssl:error] [pid 74019] AH01943: stapling_renew_response: error in retrieved response!
[Sun May 07 20:48:00.949516 2017] [:error] [pid 74015] [client ::1:38118] PHP Warning:  require_once(/autoloader.php): failed to open stream: No such file or directory in /var/www/webapps/hr/www/index.php on line 2
[Sun May 07 20:48:00.949554 2017] [:error] [pid 74015] [client ::1:38118] PHP Fatal error:  require_once(): Failed opening required '/autoloader.php' (include_path='/var/www/webapps/hr/includes/') in /var/www/webapps/hr/www/index.php on line 2
[Sun May 07 20:48:29.869481 2017] [:error] [pid 74017] [client ::1:38122] PHP Warning:  require_once(/autoloader.php): failed to open stream: No such file or directory in /var/www/webapps/hr/www/index.php on line 2
[Sun May 07 20:48:29.869514 2017] [:error] [pid 74017] [client ::1:38122] PHP Fatal error:  require_once(): Failed opening required '/autoloader.php' (include_path='/var/www/webapps/hr/includes/') in /var/www/webapps/hr/www/index.php on line 2
[Sun May 07 20:48:35.543652 2017] [:error] [pid 74018] [client ::1:38124] PHP Warning:  require_once(/autoloader.php): failed to open stream: No such file or directory in /var/www/webapps/hr/www/index.php on line 2
[Sun May 07 20:48:35.543690 2017] [:error] [pid 74018] [client ::1:38124] PHP Fatal error:  require_once(): Failed opening required '/autoloader.php' (include_path='/var/www/webapps/hr/includes/') in /var/www/webapps/hr/www/index.php on line 2
[Sun May 07 20:52:47.294648 2017] [:error] [pid 74019] [client ::1:38130] PHP Warning:  phpinfo(): It is not safe to rely on the system's timezone settings. You are *required* to use the date.timezone setting or the date_default_timezone_set() function. In case you used any of those methods and you are still getting this warning, you most likely misspelled the timezone identifier. We selected the timezone 'UTC' for now, but please set date.timezone to select your timezone. in /var/www/webapps/hr/www/index.php on line 8
[Sun May 07 20:53:22.333249 2017] [:error] [pid 74015] [client ::1:38132] PHP Warning:  phpinfo(): It is not safe to rely on the system's timezone settings. You are *required* to use the date.timezone setting or the date_default_timezone_set() function. In case you used any of those methods and you are still getting this warning, you most likely misspelled the timezone identifier. We selected the timezone 'UTC' for now, but please set date.timezone to select your timezone. in /var/www/webapps/hr/www/index.php on line 8
[Sun May 07 20:53:40.290361 2017] [:error] [pid 74080] [client ::1:38134] PHP Fatal error:  Undefined class constant 'password' in /var/www/webapps/hr/www/index.php on line 6
[Sun May 07 20:54:41.354103 2017] [:error] [pid 74016] [client ::1:38136] PHP Notice:  Use of undefined constant database_constants - assumed 'database_constants' in /var/www/webapps/hr/www/index.php on line 6
[Sun May 07 20:57:11.121223 2017] [:error] [pid 74017] [client ::1:38140] PHP Parse error:  syntax error, unexpected '->' (T_OBJECT_OPERATOR), expecting ',' or ';' in /var/www/webapps/hr/www/index.php on line 6
[Sun May 07 20:58:03.792224 2017] [ssl:error] [pid 74018] AH01936: stapling_check_response: response times invalid
[Sun May 07 20:58:03.792253 2017] [ssl:error] [pid 74018] AH01943: stapling_renew_response: error in retrieved response!
